[2025-07-14 16:52:25] [INFO] Checking permissions...
[2025-07-14 16:52:25] [SUCCESS] Docker access confirmed
[2025-07-14 16:52:44] [INFO] Checking permissions...
[2025-07-14 16:52:44] [SUCCESS] Docker access confirmed
[2025-07-14 16:53:10] [INFO] Checking permissions...
[2025-07-14 16:53:10] [SUCCESS] Docker access confirmed
[2025-07-14 16:53:10] [INFO] Starting Empire container repair...
[2025-07-14 16:53:10] [INFO] Performing complete container cleanup...
[2025-07-14 16:53:10] [INFO] Stopping Empire containers...
[2025-07-14 16:53:20] [INFO] Removing Empire containers...
[2025-07-14 16:53:20] [INFO] Cleaning up orphaned Empire containers...
[2025-07-14 16:53:20] [SUCCESS] Container cleanup completed
[2025-07-14 16:53:20] [INFO] Setting up Empire volumes...
[2025-07-14 16:53:20] [INFO] Volume directory exists: uploads/empire/data
[2025-07-14 16:53:20] [INFO] Volume directory exists: uploads/empire/downloads
[2025-07-14 16:53:20] [INFO] Created volume directory: uploads/empire/logs
[2025-07-14 16:53:20] [SUCCESS] Empire volumes setup completed
[2025-07-14 16:53:20] [INFO] Starting Empire container with retry logic...
[2025-07-14 16:53:20] [INFO] Start attempt 1 of 3
[2025-07-14 16:53:20] [INFO] Pulling Empire image...
[2025-07-14 16:53:21] [INFO] Creating Empire data container...
[2025-07-14 16:53:21] [INFO] Starting Empire main container...
[2025-07-14 16:53:21] [INFO] Waiting for Empire container to be ready...
[2025-07-14 16:53:31] [SUCCESS] Empire container is ready
[2025-07-14 16:53:31] [SUCCESS] Empire container started successfully
[2025-07-14 16:53:31] [INFO] Testing Empire functionality...
[2025-07-14 16:53:31] [INFO] Testing Empire API...
[2025-07-14 16:55:07] [WARNING] Empire API not responding (this may be normal during initialization)
[2025-07-14 16:55:12] [INFO] Testing Starkiller UI...
[2025-07-14 16:55:12] [WARNING] Starkiller UI not accessible (this may be normal during initialization)
[2025-07-14 16:55:12] [INFO] Testing container health...
[2025-07-14 16:55:12] [ERROR] Empire container is not running
[2025-07-14 16:55:12] [SUCCESS] Empire container repair completed successfully
